2024-04-26T17:27:16.572-05:00  INFO 12448 --- [Mimascotas] [restartedMain] com.pets.MimascotasApplication           : Starting MimascotasApplication using Java 21.0.2 with PID 12448 (A:\PROYECTO PERSONA\Code\Backend\Mimascotas\build\classes\java\main started by ander in A:\PROYECTO PERSONA\Code\Backend\Mimascotas)
2024-04-26T17:27:16.573-05:00  INFO 12448 --- [Mimascotas] [restartedMain] com.pets.MimascotasApplication           : The following 1 profile is active: "dev"
2024-04-26T17:27:16.608-05:00  INFO 12448 --- [Mimascotas] [restartedMain] .e.DevToolsPropertyDefaultsPostProcessor : Devtools property defaults active! Set 'spring.devtools.add-properties' to 'false' to disable
2024-04-26T17:27:16.608-05:00  INFO 12448 --- [Mimascotas] [restartedMain] .e.DevToolsPropertyDefaultsPostProcessor : For additional web related logging consider setting the 'logging.level.web' property to 'DEBUG'
2024-04-26T17:27:17.410-05:00  INFO 12448 --- [Mimascotas] [restartedMain] .s.d.r.c.RepositoryConfigurationDelegate : Bootstrapping Spring Data JPA repositories in DEFAULT mode.
2024-04-26T17:27:17.453-05:00  INFO 12448 --- [Mimascotas] [restartedMain] .s.d.r.c.RepositoryConfigurationDelegate : Finished Spring Data repository scanning in 37 ms. Found 3 JPA repository interfaces.
2024-04-26T17:27:18.014-05:00  INFO 12448 --- [Mimascotas] [restartedMain] o.s.b.w.embedded.tomcat.TomcatWebServer  : Tomcat initialized with port 8080 (http)
2024-04-26T17:27:18.022-05:00  INFO 12448 --- [Mimascotas] [restartedMain] o.apache.catalina.core.StandardService   : Starting service [Tomcat]
2024-04-26T17:27:18.023-05:00  INFO 12448 --- [Mimascotas] [restartedMain] o.apache.catalina.core.StandardEngine    : Starting Servlet engine: [Apache Tomcat/10.1.20]
2024-04-26T17:27:18.060-05:00  INFO 12448 --- [Mimascotas] [restartedMain] o.a.c.c.C.[Tomcat].[localhost].[/]       : Initializing Spring embedded WebApplicationContext
2024-04-26T17:27:18.061-05:00  INFO 12448 --- [Mimascotas] [restartedMain] w.s.c.ServletWebServerApplicationContext : Root WebApplicationContext: initialization completed in 1452 ms
2024-04-26T17:27:18.294-05:00  INFO 12448 --- [Mimascotas] [restartedMain] com.zaxxer.hikari.HikariDataSource       : HikariPool-1 - Starting...
2024-04-26T17:27:18.380-05:00  INFO 12448 --- [Mimascotas] [restartedMain] com.zaxxer.hikari.pool.HikariPool        : HikariPool-1 - Added connection org.postgresql.jdbc.PgConnection@65f5a931
2024-04-26T17:27:18.381-05:00  INFO 12448 --- [Mimascotas] [restartedMain] com.zaxxer.hikari.HikariDataSource       : HikariPool-1 - Start completed.
2024-04-26T17:27:18.411-05:00  INFO 12448 --- [Mimascotas] [restartedMain] o.hibernate.jpa.internal.util.LogHelper  : HHH000204: Processing PersistenceUnitInfo [name: default]
2024-04-26T17:27:18.449-05:00  INFO 12448 --- [Mimascotas] [restartedMain] org.hibernate.Version                    : HHH000412: Hibernate ORM core version 6.4.4.Final
2024-04-26T17:27:18.475-05:00  INFO 12448 --- [Mimascotas] [restartedMain] o.h.c.internal.RegionFactoryInitiator    : HHH000026: Second-level cache disabled
2024-04-26T17:27:18.672-05:00  INFO 12448 --- [Mimascotas] [restartedMain] o.s.o.j.p.SpringPersistenceUnitInfo      : No LoadTimeWeaver setup: ignoring JPA class transformer
2024-04-26T17:27:18.714-05:00  WARN 12448 --- [Mimascotas] [restartedMain] org.hibernate.orm.deprecation            : HHH90000025: PostgreSQLDialect does not need to be specified explicitly using 'hibernate.dialect' (remove the property setting and it will be selected by default)
2024-04-26T17:27:19.401-05:00  INFO 12448 --- [Mimascotas] [restartedMain] o.h.e.t.j.p.i.JtaPlatformInitiator       : HHH000489: No JTA platform available (set 'hibernate.transaction.jta.platform' to enable JTA platform integration)
2024-04-26T17:27:19.404-05:00  INFO 12448 --- [Mimascotas] [restartedMain] j.LocalContainerEntityManagerFactoryBean : Initialized JPA EntityManagerFactory for persistence unit 'default'
2024-04-26T17:27:19.813-05:00  WARN 12448 --- [Mimascotas] [restartedMain] JpaBaseConfiguration$JpaWebConfiguration : spring.jpa.open-in-view is enabled by default. Therefore, database queries may be performed during view rendering. Explicitly configure spring.jpa.open-in-view to disable this warning
2024-04-26T17:27:19.851-05:00  WARN 12448 --- [Mimascotas] [restartedMain] .s.s.UserDetailsServiceAutoConfiguration : 

Using generated security password: b76f5cb1-4799-4bad-a10e-7dc0e72537bc

This generated password is for development use only. Your security configuration must be updated before running your application in production.

2024-04-26T17:27:20.235-05:00  INFO 12448 --- [Mimascotas] [restartedMain] o.s.b.a.e.web.EndpointLinksResolver      : Exposing 14 endpoint(s) beneath base path '/actuator'
2024-04-26T17:27:20.278-05:00  INFO 12448 --- [Mimascotas] [restartedMain] o.s.s.web.DefaultSecurityFilterChain     : Will secure any request with [org.springframework.security.web.session.DisableEncodeUrlFilter@5eb33bec, org.springframework.security.web.context.request.async.WebAsyncManagerIntegrationFilter@62b6c1d9, org.springframework.security.web.context.SecurityContextHolderFilter@6dbeb3da, org.springframework.security.web.header.HeaderWriterFilter@41ecda4, org.springframework.web.filter.CorsFilter@347b79e9, org.springframework.security.web.authentication.logout.LogoutFilter@64d42169, org.springframework.security.web.savedrequest.RequestCacheAwareFilter@15e67206, org.springframework.security.web.servletapi.SecurityContextHolderAwareRequestFilter@4653502a, org.springframework.security.web.authentication.AnonymousAuthenticationFilter@628dddaa, org.springframework.security.web.session.SessionManagementFilter@3b321f74, org.springframework.security.web.access.ExceptionTranslationFilter@6a254382, org.springframework.security.web.access.intercept.AuthorizationFilter@1fa007cb]
2024-04-26T17:27:20.731-05:00  INFO 12448 --- [Mimascotas] [restartedMain] o.s.b.d.a.OptionalLiveReloadServer       : LiveReload server is running on port 35729
2024-04-26T17:27:20.793-05:00  INFO 12448 --- [Mimascotas] [restartedMain] o.s.b.w.embedded.tomcat.TomcatWebServer  : Tomcat started on port 8080 (http) with context path ''
2024-04-26T17:27:20.803-05:00  INFO 12448 --- [Mimascotas] [restartedMain] com.pets.MimascotasApplication           : Started MimascotasApplication in 4.526 seconds (process running for 5.046)
2024-04-26T17:27:20.880-05:00  WARN 12448 --- [Mimascotas] [registrationTask1] d.c.b.a.c.r.ApplicationRegistrator       : Failed to register application as Application(name=MiMascotas, managementUrl=http://localhost:8080/actuator, healthUrl=http://localhost:8080/actuator/health, serviceUrl=http://localhost:8080/) at spring-boot-admin ([http://localhost:9020/instances]): 403 Forbidden: "An expected CSRF token cannot be found". Further attempts are logged on DEBUG level
2024-04-26T17:27:20.915-05:00  INFO 12448 --- [Mimascotas] [RMI TCP Connection(2)-192.168.0.110] o.a.c.c.C.[Tomcat].[localhost].[/]       : Initializing Spring DispatcherServlet 'dispatcherServlet'
2024-04-26T17:27:20.915-05:00  INFO 12448 --- [Mimascotas] [RMI TCP Connection(2)-192.168.0.110] o.s.web.servlet.DispatcherServlet        : Initializing Servlet 'dispatcherServlet'
2024-04-26T17:27:20.918-05:00  INFO 12448 --- [Mimascotas] [RMI TCP Connection(2)-192.168.0.110] o.s.web.servlet.DispatcherServlet        : Completed initialization in 3 ms
2024-04-26T17:31:05.974-05:00  INFO 12448 --- [Mimascotas] [SpringApplicationShutdownHook] j.LocalContainerEntityManagerFactoryBean : Closing JPA EntityManagerFactory for persistence unit 'default'
2024-04-26T17:31:05.979-05:00  INFO 12448 --- [Mimascotas] [SpringApplicationShutdownHook] com.zaxxer.hikari.HikariDataSource       : HikariPool-1 - Shutdown initiated...
2024-04-26T17:31:05.981-05:00  INFO 12448 --- [Mimascotas] [SpringApplicationShutdownHook] com.zaxxer.hikari.HikariDataSource       : HikariPool-1 - Shutdown completed.
2024-04-26T17:31:08.687-05:00  INFO 21520 --- [Mimascotas] [restartedMain] com.pets.MimascotasApplication           : Starting MimascotasApplication using Java 21.0.2 with PID 21520 (A:\PROYECTO PERSONA\Code\Backend\Mimascotas\build\classes\java\main started by ander in A:\PROYECTO PERSONA\Code\Backend\Mimascotas)
2024-04-26T17:31:08.689-05:00  INFO 21520 --- [Mimascotas] [restartedMain] com.pets.MimascotasApplication           : The following 1 profile is active: "dev"
2024-04-26T17:31:08.721-05:00  INFO 21520 --- [Mimascotas] [restartedMain] .e.DevToolsPropertyDefaultsPostProcessor : Devtools property defaults active! Set 'spring.devtools.add-properties' to 'false' to disable
2024-04-26T17:31:08.721-05:00  INFO 21520 --- [Mimascotas] [restartedMain] .e.DevToolsPropertyDefaultsPostProcessor : For additional web related logging consider setting the 'logging.level.web' property to 'DEBUG'
2024-04-26T17:31:09.555-05:00  INFO 21520 --- [Mimascotas] [restartedMain] .s.d.r.c.RepositoryConfigurationDelegate : Bootstrapping Spring Data JPA repositories in DEFAULT mode.
2024-04-26T17:31:09.599-05:00  INFO 21520 --- [Mimascotas] [restartedMain] .s.d.r.c.RepositoryConfigurationDelegate : Finished Spring Data repository scanning in 39 ms. Found 3 JPA repository interfaces.
2024-04-26T17:31:10.192-05:00  INFO 21520 --- [Mimascotas] [restartedMain] o.s.b.w.embedded.tomcat.TomcatWebServer  : Tomcat initialized with port 8080 (http)
2024-04-26T17:31:10.203-05:00  INFO 21520 --- [Mimascotas] [restartedMain] o.apache.catalina.core.StandardService   : Starting service [Tomcat]
2024-04-26T17:31:10.203-05:00  INFO 21520 --- [Mimascotas] [restartedMain] o.apache.catalina.core.StandardEngine    : Starting Servlet engine: [Apache Tomcat/10.1.20]
2024-04-26T17:31:10.252-05:00  INFO 21520 --- [Mimascotas] [restartedMain] o.a.c.c.C.[Tomcat].[localhost].[/]       : Initializing Spring embedded WebApplicationContext
2024-04-26T17:31:10.252-05:00  INFO 21520 --- [Mimascotas] [restartedMain] w.s.c.ServletWebServerApplicationContext : Root WebApplicationContext: initialization completed in 1531 ms
2024-04-26T17:31:10.483-05:00  INFO 21520 --- [Mimascotas] [restartedMain] com.zaxxer.hikari.HikariDataSource       : HikariPool-1 - Starting...
2024-04-26T17:31:10.573-05:00  INFO 21520 --- [Mimascotas] [restartedMain] com.zaxxer.hikari.pool.HikariPool        : HikariPool-1 - Added connection org.postgresql.jdbc.PgConnection@11aff3bd
2024-04-26T17:31:10.574-05:00  INFO 21520 --- [Mimascotas] [restartedMain] com.zaxxer.hikari.HikariDataSource       : HikariPool-1 - Start completed.
2024-04-26T17:31:10.615-05:00  INFO 21520 --- [Mimascotas] [restartedMain] o.hibernate.jpa.internal.util.LogHelper  : HHH000204: Processing PersistenceUnitInfo [name: default]
2024-04-26T17:31:10.674-05:00  INFO 21520 --- [Mimascotas] [restartedMain] org.hibernate.Version                    : HHH000412: Hibernate ORM core version 6.4.4.Final
2024-04-26T17:31:10.711-05:00  INFO 21520 --- [Mimascotas] [restartedMain] o.h.c.internal.RegionFactoryInitiator    : HHH000026: Second-level cache disabled
2024-04-26T17:31:10.952-05:00  INFO 21520 --- [Mimascotas] [restartedMain] o.s.o.j.p.SpringPersistenceUnitInfo      : No LoadTimeWeaver setup: ignoring JPA class transformer
2024-04-26T17:31:11.006-05:00  WARN 21520 --- [Mimascotas] [restartedMain] org.hibernate.orm.deprecation            : HHH90000025: PostgreSQLDialect does not need to be specified explicitly using 'hibernate.dialect' (remove the property setting and it will be selected by default)
2024-04-26T17:31:11.793-05:00  INFO 21520 --- [Mimascotas] [restartedMain] o.h.e.t.j.p.i.JtaPlatformInitiator       : HHH000489: No JTA platform available (set 'hibernate.transaction.jta.platform' to enable JTA platform integration)
2024-04-26T17:31:11.795-05:00  INFO 21520 --- [Mimascotas] [restartedMain] j.LocalContainerEntityManagerFactoryBean : Initialized JPA EntityManagerFactory for persistence unit 'default'
2024-04-26T17:31:12.192-05:00  WARN 21520 --- [Mimascotas] [restartedMain] JpaBaseConfiguration$JpaWebConfiguration : spring.jpa.open-in-view is enabled by default. Therefore, database queries may be performed during view rendering. Explicitly configure spring.jpa.open-in-view to disable this warning
2024-04-26T17:31:12.230-05:00  WARN 21520 --- [Mimascotas] [restartedMain] .s.s.UserDetailsServiceAutoConfiguration : 

Using generated security password: 83273670-e0da-4333-9a22-125776073512

This generated password is for development use only. Your security configuration must be updated before running your application in production.

2024-04-26T17:31:12.614-05:00  INFO 21520 --- [Mimascotas] [restartedMain] o.s.b.a.e.web.EndpointLinksResolver      : Exposing 14 endpoint(s) beneath base path '/actuator'
2024-04-26T17:31:12.659-05:00  INFO 21520 --- [Mimascotas] [restartedMain] o.s.s.web.DefaultSecurityFilterChain     : Will secure any request with [org.springframework.security.web.session.DisableEncodeUrlFilter@3f23caff, org.springframework.security.web.context.request.async.WebAsyncManagerIntegrationFilter@71325fb2, org.springframework.security.web.context.SecurityContextHolderFilter@3169c674, org.springframework.security.web.header.HeaderWriterFilter@773b618f, org.springframework.web.filter.CorsFilter@61adb51f, org.springframework.security.web.authentication.logout.LogoutFilter@63117b0f, org.springframework.security.web.savedrequest.RequestCacheAwareFilter@147ee837, org.springframework.security.web.servletapi.SecurityContextHolderAwareRequestFilter@33766f3b, org.springframework.security.web.authentication.AnonymousAuthenticationFilter@6685b06e, org.springframework.security.web.session.SessionManagementFilter@1aa9cc0, org.springframework.security.web.access.ExceptionTranslationFilter@7743c24b, org.springframework.security.web.access.intercept.AuthorizationFilter@7af4f2dc]
2024-04-26T17:31:13.109-05:00  INFO 21520 --- [Mimascotas] [restartedMain] o.s.b.d.a.OptionalLiveReloadServer       : LiveReload server is running on port 35729
2024-04-26T17:31:13.174-05:00  INFO 21520 --- [Mimascotas] [restartedMain] o.s.b.w.embedded.tomcat.TomcatWebServer  : Tomcat started on port 8080 (http) with context path ''
2024-04-26T17:31:13.184-05:00  INFO 21520 --- [Mimascotas] [restartedMain] com.pets.MimascotasApplication           : Started MimascotasApplication in 4.814 seconds (process running for 5.375)
2024-04-26T17:31:13.259-05:00  WARN 21520 --- [Mimascotas] [registrationTask1] d.c.b.a.c.r.ApplicationRegistrator       : Failed to register application as Application(name=MiMascotas, managementUrl=http://localhost:8080/actuator, healthUrl=http://localhost:8080/actuator/health, serviceUrl=http://localhost:8080/) at spring-boot-admin ([http://localhost:9020/instances]): 403 Forbidden: "An expected CSRF token cannot be found". Further attempts are logged on DEBUG level
2024-04-26T17:31:13.642-05:00  INFO 21520 --- [Mimascotas] [RMI TCP Connection(3)-192.168.0.110] o.a.c.c.C.[Tomcat].[localhost].[/]       : Initializing Spring DispatcherServlet 'dispatcherServlet'
2024-04-26T17:31:13.642-05:00  INFO 21520 --- [Mimascotas] [RMI TCP Connection(3)-192.168.0.110] o.s.web.servlet.DispatcherServlet        : Initializing Servlet 'dispatcherServlet'
2024-04-26T17:31:13.643-05:00  INFO 21520 --- [Mimascotas] [RMI TCP Connection(3)-192.168.0.110] o.s.web.servlet.DispatcherServlet        : Completed initialization in 1 ms
2024-04-26T17:32:13.029-05:00  INFO 21520 --- [Mimascotas] [SpringApplicationShutdownHook] j.LocalContainerEntityManagerFactoryBean : Closing JPA EntityManagerFactory for persistence unit 'default'
2024-04-26T17:32:13.032-05:00  INFO 21520 --- [Mimascotas] [SpringApplicationShutdownHook] com.zaxxer.hikari.HikariDataSource       : HikariPool-1 - Shutdown initiated...
2024-04-26T17:32:13.034-05:00  INFO 21520 --- [Mimascotas] [SpringApplicationShutdownHook] com.zaxxer.hikari.HikariDataSource       : HikariPool-1 - Shutdown completed.
